::1 - - [29/Dec/2020:22:18:04 +0200] "GET / HTTP/1.1" 200 6284 "-" "Mozilla/5.0 (X11; Linux x86_64) AppleWebKit/537.36 (KHTML, like Gecko) Chrome/87.0.4280.88 Safari/537.36"
::1 - - [29/Dec/2020:22:18:05 +0200] "GET /favicon.ico HTTP/1.1" 200 295 "http://localhost/" "Mozilla/5.0 (X11; Linux x86_64) AppleWebKit/537.36 (KHTML, like Gecko) Chrome/87.0.4280.88 Safari/537.36"
::1 - - [29/Dec/2020:22:18:27 +0200] "GET /api HTTP/1.1" 404 6819 "-" "Mozilla/5.0 (X11; Linux x86_64) AppleWebKit/537.36 (KHTML, like Gecko) Chrome/87.0.4280.88 Safari/537.36"
::1 - - [29/Dec/2020:22:19:19 +0200] "-" 408 0 "-" "-"
::1 - - [29/Dec/2020:22:19:24 +0200] "GET / HTTP/1.1" 200 6284 "-" "Mozilla/5.0 (X11; Linux x86_64) AppleWebKit/537.36 (KHTML, like Gecko) Chrome/87.0.4280.88 Safari/537.36"
::1 - - [29/Dec/2020:22:19:24 +0200] "GET /favicon.ico HTTP/1.1" 304 178 "http://localhost/" "Mozilla/5.0 (X11; Linux x86_64) AppleWebKit/537.36 (KHTML, like Gecko) Chrome/87.0.4280.88 Safari/537.36"
::1 - - [29/Dec/2020:22:19:55 +0200] "GET / HTTP/1.1" 200 6284 "-" "Mozilla/5.0 (X11; Linux x86_64) AppleWebKit/537.36 (KHTML, like Gecko) Chrome/87.0.4280.88 Safari/537.36"
::1 - - [29/Dec/2020:22:19:55 +0200] "GET /favicon.ico HTTP/1.1" 200 295 "http://localhost/" "Mozilla/5.0 (X11; Linux x86_64) AppleWebKit/537.36 (KHTML, like Gecko) Chrome/87.0.4280.88 Safari/537.36"
::1 - - [29/Dec/2020:22:19:57 +0200] "GET / HTTP/1.1" 200 6283 "-" "Mozilla/5.0 (X11; Linux x86_64) AppleWebKit/537.36 (KHTML, like Gecko) Chrome/87.0.4280.88 Safari/537.36"
::1 - - [29/Dec/2020:22:19:57 +0200] "GET /favicon.ico HTTP/1.1" 200 295 "http://localhost/" "Mozilla/5.0 (X11; Linux x86_64) AppleWebKit/537.36 (KHTML, like Gecko) Chrome/87.0.4280.88 Safari/537.36"
::1 - - [29/Dec/2020:22:19:57 +0200] "GET / HTTP/1.1" 200 6283 "-" "Mozilla/5.0 (X11; Linux x86_64) AppleWebKit/537.36 (KHTML, like Gecko) Chrome/87.0.4280.88 Safari/537.36"
::1 - - [29/Dec/2020:22:19:57 +0200] "GET /favicon.ico HTTP/1.1" 200 295 "http://localhost/" "Mozilla/5.0 (X11; Linux x86_64) AppleWebKit/537.36 (KHTML, like Gecko) Chrome/87.0.4280.88 Safari/537.36"
::1 - - [29/Dec/2020:22:19:57 +0200] "GET / HTTP/1.1" 200 6283 "-" "Mozilla/5.0 (X11; Linux x86_64) AppleWebKit/537.36 (KHTML, like Gecko) Chrome/87.0.4280.88 Safari/537.36"
::1 - - [29/Dec/2020:22:19:57 +0200] "GET /favicon.ico HTTP/1.1" 200 295 "http://localhost/" "Mozilla/5.0 (X11; Linux x86_64) AppleWebKit/537.36 (KHTML, like Gecko) Chrome/87.0.4280.88 Safari/537.36"
::1 - - [29/Dec/2020:22:19:58 +0200] "GET / HTTP/1.1" 200 6283 "-" "Mozilla/5.0 (X11; Linux x86_64) AppleWebKit/537.36 (KHTML, like Gecko) Chrome/87.0.4280.88 Safari/537.36"
::1 - - [29/Dec/2020:22:19:58 +0200] "GET /favicon.ico HTTP/1.1" 200 295 "http://localhost/" "Mozilla/5.0 (X11; Linux x86_64) AppleWebKit/537.36 (KHTML, like Gecko) Chrome/87.0.4280.88 Safari/537.36"
::1 - - [29/Dec/2020:22:19:58 +0200] "GET / HTTP/1.1" 200 6283 "-" "Mozilla/5.0 (X11; Linux x86_64) AppleWebKit/537.36 (KHTML, like Gecko) Chrome/87.0.4280.88 Safari/537.36"
::1 - - [29/Dec/2020:22:19:58 +0200] "GET /favicon.ico HTTP/1.1" 200 295 "http://localhost/" "Mozilla/5.0 (X11; Linux x86_64) AppleWebKit/537.36 (KHTML, like Gecko) Chrome/87.0.4280.88 Safari/537.36"
::1 - - [29/Dec/2020:22:19:58 +0200] "GET / HTTP/1.1" 200 6283 "-" "Mozilla/5.0 (X11; Linux x86_64) AppleWebKit/537.36 (KHTML, like Gecko) Chrome/87.0.4280.88 Safari/537.36"
::1 - - [29/Dec/2020:22:19:58 +0200] "GET /favicon.ico HTTP/1.1" 200 295 "http://localhost/" "Mozilla/5.0 (X11; Linux x86_64) AppleWebKit/537.36 (KHTML, like Gecko) Chrome/87.0.4280.88 Safari/537.36"
::1 - - [29/Dec/2020:22:19:58 +0200] "GET / HTTP/1.1" 200 6283 "-" "Mozilla/5.0 (X11; Linux x86_64) AppleWebKit/537.36 (KHTML, like Gecko) Chrome/87.0.4280.88 Safari/537.36"
::1 - - [29/Dec/2020:22:19:58 +0200] "GET /favicon.ico HTTP/1.1" 200 295 "http://localhost/" "Mozilla/5.0 (X11; Linux x86_64) AppleWebKit/537.36 (KHTML, like Gecko) Chrome/87.0.4280.88 Safari/537.36"
::1 - - [29/Dec/2020:22:19:59 +0200] "GET / HTTP/1.1" 200 6283 "-" "Mozilla/5.0 (X11; Linux x86_64) AppleWebKit/537.36 (KHTML, like Gecko) Chrome/87.0.4280.88 Safari/537.36"
::1 - - [29/Dec/2020:22:19:59 +0200] "GET /favicon.ico HTTP/1.1" 200 295 "http://localhost/" "Mozilla/5.0 (X11; Linux x86_64) AppleWebKit/537.36 (KHTML, like Gecko) Chrome/87.0.4280.88 Safari/537.36"
::1 - - [29/Dec/2020:22:19:59 +0200] "GET / HTTP/1.1" 200 6283 "-" "Mozilla/5.0 (X11; Linux x86_64) AppleWebKit/537.36 (KHTML, like Gecko) Chrome/87.0.4280.88 Safari/537.36"
::1 - - [29/Dec/2020:22:19:59 +0200] "GET /favicon.ico HTTP/1.1" 200 295 "http://localhost/" "Mozilla/5.0 (X11; Linux x86_64) AppleWebKit/537.36 (KHTML, like Gecko) Chrome/87.0.4280.88 Safari/537.36"
::1 - - [29/Dec/2020:22:19:59 +0200] "GET / HTTP/1.1" 200 6283 "-" "Mozilla/5.0 (X11; Linux x86_64) AppleWebKit/537.36 (KHTML, like Gecko) Chrome/87.0.4280.88 Safari/537.36"
::1 - - [29/Dec/2020:22:19:59 +0200] "GET /favicon.ico HTTP/1.1" 200 295 "http://localhost/" "Mozilla/5.0 (X11; Linux x86_64) AppleWebKit/537.36 (KHTML, like Gecko) Chrome/87.0.4280.88 Safari/537.36"
::1 - - [29/Dec/2020:22:19:59 +0200] "GET / HTTP/1.1" 200 6283 "-" "Mozilla/5.0 (X11; Linux x86_64) AppleWebKit/537.36 (KHTML, like Gecko) Chrome/87.0.4280.88 Safari/537.36"
::1 - - [29/Dec/2020:22:19:59 +0200] "GET /favicon.ico HTTP/1.1" 200 295 "http://localhost/" "Mozilla/5.0 (X11; Linux x86_64) AppleWebKit/537.36 (KHTML, like Gecko) Chrome/87.0.4280.88 Safari/537.36"
::1 - - [29/Dec/2020:22:20:11 +0200] "GET /home HTTP/1.1" 404 6819 "-" "Mozilla/5.0 (X11; Linux x86_64) AppleWebKit/537.36 (KHTML, like Gecko) Chrome/87.0.4280.88 Safari/537.36"
::1 - - [29/Dec/2020:22:20:40 +0200] "GET /home HTTP/1.1" 404 6819 "-" "Mozilla/5.0 (X11; Linux x86_64) AppleWebKit/537.36 (KHTML, like Gecko) Chrome/87.0.4280.88 Safari/537.36"
::1 - - [29/Dec/2020:22:20:41 +0200] "GET /favicon.ico HTTP/1.1" 200 296 "http://localhost/home" "Mozilla/5.0 (X11; Linux x86_64) AppleWebKit/537.36 (KHTML, like Gecko) Chrome/87.0.4280.88 Safari/537.36"
::1 - - [29/Dec/2020:22:20:52 +0200] "GET / HTTP/1.1" 200 6284 "-" "Mozilla/5.0 (X11; Linux x86_64) AppleWebKit/537.36 (KHTML, like Gecko) Chrome/87.0.4280.88 Safari/537.36"
::1 - - [29/Dec/2020:22:21:44 +0200] "-" 408 0 "-" "-"
::1 - - [29/Dec/2020:22:21:57 +0200] "GET / HTTP/1.1" 200 6284 "-" "Mozilla/5.0 (X11; Linux x86_64) AppleWebKit/537.36 (KHTML, like Gecko) Chrome/87.0.4280.88 Safari/537.36"
::1 - - [29/Dec/2020:22:21:57 +0200] "GET /favicon.ico HTTP/1.1" 200 295 "http://localhost/" "Mozilla/5.0 (X11; Linux x86_64) AppleWebKit/537.36 (KHTML, like Gecko) Chrome/87.0.4280.88 Safari/537.36"
::1 - - [29/Dec/2020:22:21:58 +0200] "GET / HTTP/1.1" 200 6283 "-" "Mozilla/5.0 (X11; Linux x86_64) AppleWebKit/537.36 (KHTML, like Gecko) Chrome/87.0.4280.88 Safari/537.36"
::1 - - [29/Dec/2020:22:21:58 +0200] "GET /favicon.ico HTTP/1.1" 200 295 "http://localhost/" "Mozilla/5.0 (X11; Linux x86_64) AppleWebKit/537.36 (KHTML, like Gecko) Chrome/87.0.4280.88 Safari/537.36"
::1 - - [29/Dec/2020:22:21:59 +0200] "GET / HTTP/1.1" 200 6283 "-" "Mozilla/5.0 (X11; Linux x86_64) AppleWebKit/537.36 (KHTML, like Gecko) Chrome/87.0.4280.88 Safari/537.36"
::1 - - [29/Dec/2020:22:21:59 +0200] "GET /favicon.ico HTTP/1.1" 200 295 "http://localhost/" "Mozilla/5.0 (X11; Linux x86_64) AppleWebKit/537.36 (KHTML, like Gecko) Chrome/87.0.4280.88 Safari/537.36"
::1 - - [29/Dec/2020:22:21:59 +0200] "GET / HTTP/1.1" 200 6283 "-" "Mozilla/5.0 (X11; Linux x86_64) AppleWebKit/537.36 (KHTML, like Gecko) Chrome/87.0.4280.88 Safari/537.36"
::1 - - [29/Dec/2020:22:21:59 +0200] "GET /favicon.ico HTTP/1.1" 200 295 "http://localhost/" "Mozilla/5.0 (X11; Linux x86_64) AppleWebKit/537.36 (KHTML, like Gecko) Chrome/87.0.4280.88 Safari/537.36"
::1 - - [29/Dec/2020:22:21:59 +0200] "GET / HTTP/1.1" 200 6283 "-" "Mozilla/5.0 (X11; Linux x86_64) AppleWebKit/537.36 (KHTML, like Gecko) Chrome/87.0.4280.88 Safari/537.36"
::1 - - [29/Dec/2020:22:21:59 +0200] "GET /favicon.ico HTTP/1.1" 200 295 "http://localhost/" "Mozilla/5.0 (X11; Linux x86_64) AppleWebKit/537.36 (KHTML, like Gecko) Chrome/87.0.4280.88 Safari/537.36"
::1 - - [29/Dec/2020:22:21:59 +0200] "GET / HTTP/1.1" 200 6283 "-" "Mozilla/5.0 (X11; Linux x86_64) AppleWebKit/537.36 (KHTML, like Gecko) Chrome/87.0.4280.88 Safari/537.36"
::1 - - [29/Dec/2020:22:21:59 +0200] "GET /favicon.ico HTTP/1.1" 200 295 "http://localhost/" "Mozilla/5.0 (X11; Linux x86_64) AppleWebKit/537.36 (KHTML, like Gecko) Chrome/87.0.4280.88 Safari/537.36"
::1 - - [29/Dec/2020:22:22:26 +0200] "GET / HTTP/1.1" 200 6284 "-" "Mozilla/5.0 (X11; Linux x86_64) AppleWebKit/537.36 (KHTML, like Gecko) Chrome/87.0.4280.88 Safari/537.36"
::1 - - [29/Dec/2020:22:22:26 +0200] "GET /favicon.ico HTTP/1.1" 200 295 "http://localhost/" "Mozilla/5.0 (X11; Linux x86_64) AppleWebKit/537.36 (KHTML, like Gecko) Chrome/87.0.4280.88 Safari/537.36"
::1 - - [29/Dec/2020:22:22:27 +0200] "GET / HTTP/1.1" 200 6283 "-" "Mozilla/5.0 (X11; Linux x86_64) AppleWebKit/537.36 (KHTML, like Gecko) Chrome/87.0.4280.88 Safari/537.36"
::1 - - [29/Dec/2020:22:22:27 +0200] "GET /favicon.ico HTTP/1.1" 200 295 "http://localhost/" "Mozilla/5.0 (X11; Linux x86_64) AppleWebKit/537.36 (KHTML, like Gecko) Chrome/87.0.4280.88 Safari/537.36"
::1 - - [29/Dec/2020:22:22:27 +0200] "GET / HTTP/1.1" 200 6283 "-" "Mozilla/5.0 (X11; Linux x86_64) AppleWebKit/537.36 (KHTML, like Gecko) Chrome/87.0.4280.88 Safari/537.36"
::1 - - [29/Dec/2020:22:22:27 +0200] "GET /favicon.ico HTTP/1.1" 200 295 "http://localhost/" "Mozilla/5.0 (X11; Linux x86_64) AppleWebKit/537.36 (KHTML, like Gecko) Chrome/87.0.4280.88 Safari/537.36"
::1 - - [29/Dec/2020:22:22:27 +0200] "GET / HTTP/1.1" 200 6283 "-" "Mozilla/5.0 (X11; Linux x86_64) AppleWebKit/537.36 (KHTML, like Gecko) Chrome/87.0.4280.88 Safari/537.36"
::1 - - [29/Dec/2020:22:22:27 +0200] "GET /favicon.ico HTTP/1.1" 200 295 "http://localhost/" "Mozilla/5.0 (X11; Linux x86_64) AppleWebKit/537.36 (KHTML, like Gecko) Chrome/87.0.4280.88 Safari/537.36"
::1 - - [29/Dec/2020:22:22:27 +0200] "GET / HTTP/1.1" 200 6283 "-" "Mozilla/5.0 (X11; Linux x86_64) AppleWebKit/537.36 (KHTML, like Gecko) Chrome/87.0.4280.88 Safari/537.36"
::1 - - [29/Dec/2020:22:22:27 +0200] "GET /favicon.ico HTTP/1.1" 200 295 "http://localhost/" "Mozilla/5.0 (X11; Linux x86_64) AppleWebKit/537.36 (KHTML, like Gecko) Chrome/87.0.4280.88 Safari/537.36"
::1 - - [29/Dec/2020:22:22:27 +0200] "GET / HTTP/1.1" 200 6283 "-" "Mozilla/5.0 (X11; Linux x86_64) AppleWebKit/537.36 (KHTML, like Gecko) Chrome/87.0.4280.88 Safari/537.36"
::1 - - [29/Dec/2020:22:22:28 +0200] "GET /favicon.ico HTTP/1.1" 200 295 "http://localhost/" "Mozilla/5.0 (X11; Linux x86_64) AppleWebKit/537.36 (KHTML, like Gecko) Chrome/87.0.4280.88 Safari/537.36"
::1 - - [29/Dec/2020:22:22:28 +0200] "GET / HTTP/1.1" 200 6283 "-" "Mozilla/5.0 (X11; Linux x86_64) AppleWebKit/537.36 (KHTML, like Gecko) Chrome/87.0.4280.88 Safari/537.36"
::1 - - [29/Dec/2020:22:22:28 +0200] "GET /favicon.ico HTTP/1.1" 200 295 "http://localhost/" "Mozilla/5.0 (X11; Linux x86_64) AppleWebKit/537.36 (KHTML, like Gecko) Chrome/87.0.4280.88 Safari/537.36"
::1 - - [29/Dec/2020:22:22:28 +0200] "GET / HTTP/1.1" 200 6283 "-" "Mozilla/5.0 (X11; Linux x86_64) AppleWebKit/537.36 (KHTML, like Gecko) Chrome/87.0.4280.88 Safari/537.36"
::1 - - [29/Dec/2020:22:22:28 +0200] "GET /favicon.ico HTTP/1.1" 200 295 "http://localhost/" "Mozilla/5.0 (X11; Linux x86_64) AppleWebKit/537.36 (KHTML, like Gecko) Chrome/87.0.4280.88 Safari/537.36"
::1 - - [29/Dec/2020:22:22:28 +0200] "GET / HTTP/1.1" 200 6283 "-" "Mozilla/5.0 (X11; Linux x86_64) AppleWebKit/537.36 (KHTML, like Gecko) Chrome/87.0.4280.88 Safari/537.36"
::1 - - [29/Dec/2020:22:22:28 +0200] "GET /favicon.ico HTTP/1.1" 200 295 "http://localhost/" "Mozilla/5.0 (X11; Linux x86_64) AppleWebKit/537.36 (KHTML, like Gecko) Chrome/87.0.4280.88 Safari/537.36"
::1 - - [29/Dec/2020:22:22:28 +0200] "GET / HTTP/1.1" 200 6283 "-" "Mozilla/5.0 (X11; Linux x86_64) AppleWebKit/537.36 (KHTML, like Gecko) Chrome/87.0.4280.88 Safari/537.36"
::1 - - [29/Dec/2020:22:22:28 +0200] "GET /favicon.ico HTTP/1.1" 200 295 "http://localhost/" "Mozilla/5.0 (X11; Linux x86_64) AppleWebKit/537.36 (KHTML, like Gecko) Chrome/87.0.4280.88 Safari/537.36"
::1 - - [29/Dec/2020:22:22:28 +0200] "GET / HTTP/1.1" 200 6283 "-" "Mozilla/5.0 (X11; Linux x86_64) AppleWebKit/537.36 (KHTML, like Gecko) Chrome/87.0.4280.88 Safari/537.36"
::1 - - [29/Dec/2020:22:22:29 +0200] "GET /favicon.ico HTTP/1.1" 200 295 "http://localhost/" "Mozilla/5.0 (X11; Linux x86_64) AppleWebKit/537.36 (KHTML, like Gecko) Chrome/87.0.4280.88 Safari/537.36"
::1 - - [29/Dec/2020:22:22:29 +0200] "GET / HTTP/1.1" 200 6283 "-" "Mozilla/5.0 (X11; Linux x86_64) AppleWebKit/537.36 (KHTML, like Gecko) Chrome/87.0.4280.88 Safari/537.36"
::1 - - [29/Dec/2020:22:22:29 +0200] "GET /favicon.ico HTTP/1.1" 200 295 "http://localhost/" "Mozilla/5.0 (X11; Linux x86_64) AppleWebKit/537.36 (KHTML, like Gecko) Chrome/87.0.4280.88 Safari/537.36"
::1 - - [29/Dec/2020:22:22:29 +0200] "GET / HTTP/1.1" 200 6283 "-" "Mozilla/5.0 (X11; Linux x86_64) AppleWebKit/537.36 (KHTML, like Gecko) Chrome/87.0.4280.88 Safari/537.36"
::1 - - [29/Dec/2020:22:22:29 +0200] "GET /favicon.ico HTTP/1.1" 200 295 "http://localhost/" "Mozilla/5.0 (X11; Linux x86_64) AppleWebKit/537.36 (KHTML, like Gecko) Chrome/87.0.4280.88 Safari/537.36"
::1 - - [29/Dec/2020:22:22:33 +0200] "GET / HTTP/1.1" 200 6283 "-" "Mozilla/5.0 (X11; Linux x86_64) AppleWebKit/537.36 (KHTML, like Gecko) Chrome/87.0.4280.88 Safari/537.36"
::1 - - [29/Dec/2020:22:22:33 +0200] "GET /favicon.ico HTTP/1.1" 200 295 "http://localhost/" "Mozilla/5.0 (X11; Linux x86_64) AppleWebKit/537.36 (KHTML, like Gecko) Chrome/87.0.4280.88 Safari/537.36"
::1 - - [29/Dec/2020:22:22:34 +0200] "GET / HTTP/1.1" 200 6283 "-" "Mozilla/5.0 (X11; Linux x86_64) AppleWebKit/537.36 (KHTML, like Gecko) Chrome/87.0.4280.88 Safari/537.36"
::1 - - [29/Dec/2020:22:22:34 +0200] "GET /favicon.ico HTTP/1.1" 200 295 "http://localhost/" "Mozilla/5.0 (X11; Linux x86_64) AppleWebKit/537.36 (KHTML, like Gecko) Chrome/87.0.4280.88 Safari/537.36"
::1 - - [29/Dec/2020:22:22:34 +0200] "GET / HTTP/1.1" 200 6283 "-" "Mozilla/5.0 (X11; Linux x86_64) AppleWebKit/537.36 (KHTML, like Gecko) Chrome/87.0.4280.88 Safari/537.36"
::1 - - [29/Dec/2020:22:22:34 +0200] "GET /favicon.ico HTTP/1.1" 200 295 "http://localhost/" "Mozilla/5.0 (X11; Linux x86_64) AppleWebKit/537.36 (KHTML, like Gecko) Chrome/87.0.4280.88 Safari/537.36"
::1 - - [29/Dec/2020:22:22:34 +0200] "GET / HTTP/1.1" 200 6283 "-" "Mozilla/5.0 (X11; Linux x86_64) AppleWebKit/537.36 (KHTML, like Gecko) Chrome/87.0.4280.88 Safari/537.36"
::1 - - [29/Dec/2020:22:22:34 +0200] "GET /favicon.ico HTTP/1.1" 200 295 "http://localhost/" "Mozilla/5.0 (X11; Linux x86_64) AppleWebKit/537.36 (KHTML, like Gecko) Chrome/87.0.4280.88 Safari/537.36"
::1 - - [29/Dec/2020:22:22:43 +0200] "GET / HTTP/1.1" 200 6284 "-" "Mozilla/5.0 (X11; Linux x86_64) AppleWebKit/537.36 (KHTML, like Gecko) Chrome/87.0.4280.88 Safari/537.36"
::1 - - [29/Dec/2020:22:23:13 +0200] "GET /home HTTP/1.1" 404 6819 "-" "Mozilla/5.0 (X11; Linux x86_64) AppleWebKit/537.36 (KHTML, like Gecko) Chrome/87.0.4280.88 Safari/537.36"
::1 - - [29/Dec/2020:22:23:29 +0200] "GET /home HTTP/1.1" 404 6819 "-" "Mozilla/5.0 (X11; Linux x86_64) AppleWebKit/537.36 (KHTML, like Gecko) Chrome/87.0.4280.88 Safari/537.36"
::1 - - [29/Dec/2020:22:24:20 +0200] "-" 408 0 "-" "-"
::1 - - [29/Dec/2020:22:25:29 +0200] "GET / HTTP/1.1" 200 1111 "-" "Mozilla/5.0 (X11; Linux x86_64) AppleWebKit/537.36 (KHTML, like Gecko) Chrome/87.0.4280.88 Safari/537.36"
::1 - - [29/Dec/2020:22:25:29 +0200] "GET /favicon.ico HTTP/1.1" 304 178 "http://localhost/" "Mozilla/5.0 (X11; Linux x86_64) AppleWebKit/537.36 (KHTML, like Gecko) Chrome/87.0.4280.88 Safari/537.36"
::1 - - [29/Dec/2020:22:25:39 +0200] "GET /home HTTP/1.1" 500 594864 "-" "Mozilla/5.0 (X11; Linux x86_64) AppleWebKit/537.36 (KHTML, like Gecko) Chrome/87.0.4280.88 Safari/537.36"
::1 - - [29/Dec/2020:22:25:40 +0200] "GET /home HTTP/1.1" 500 594712 "http://localhost/home" "Mozilla/5.0 (X11; Linux x86_64) AppleWebKit/537.36 (KHTML, like Gecko) Chrome/87.0.4280.88 Safari/537.36"
::1 - - [29/Dec/2020:22:26:00 +0200] "GET /home HTTP/1.1" 500 594900 "-" "Mozilla/5.0 (X11; Linux x86_64) AppleWebKit/537.36 (KHTML, like Gecko) Chrome/87.0.4280.88 Safari/537.36"
::1 - - [29/Dec/2020:22:26:00 +0200] "GET /home HTTP/1.1" 500 594712 "http://localhost/home" "Mozilla/5.0 (X11; Linux x86_64) AppleWebKit/537.36 (KHTML, like Gecko) Chrome/87.0.4280.88 Safari/537.36"
::1 - - [29/Dec/2020:22:26:00 +0200] "GET /favicon.ico HTTP/1.1" 200 296 "http://localhost/home" "Mozilla/5.0 (X11; Linux x86_64) AppleWebKit/537.36 (KHTML, like Gecko) Chrome/87.0.4280.88 Safari/537.36"
::1 - - [29/Dec/2020:22:26:01 +0200] "GET /home HTTP/1.1" 500 594900 "-" "Mozilla/5.0 (X11; Linux x86_64) AppleWebKit/537.36 (KHTML, like Gecko) Chrome/87.0.4280.88 Safari/537.36"
::1 - - [29/Dec/2020:22:26:01 +0200] "GET /home HTTP/1.1" 500 594712 "http://localhost/home" "Mozilla/5.0 (X11; Linux x86_64) AppleWebKit/537.36 (KHTML, like Gecko) Chrome/87.0.4280.88 Safari/537.36"
::1 - - [29/Dec/2020:22:26:01 +0200] "GET /favicon.ico HTTP/1.1" 200 296 "http://localhost/home" "Mozilla/5.0 (X11; Linux x86_64) AppleWebKit/537.36 (KHTML, like Gecko) Chrome/87.0.4280.88 Safari/537.36"
::1 - - [29/Dec/2020:22:26:02 +0200] "GET /home HTTP/1.1" 500 594900 "-" "Mozilla/5.0 (X11; Linux x86_64) AppleWebKit/537.36 (KHTML, like Gecko) Chrome/87.0.4280.88 Safari/537.36"
::1 - - [29/Dec/2020:22:26:02 +0200] "GET /home HTTP/1.1" 500 594712 "http://localhost/home" "Mozilla/5.0 (X11; Linux x86_64) AppleWebKit/537.36 (KHTML, like Gecko) Chrome/87.0.4280.88 Safari/537.36"
::1 - - [29/Dec/2020:22:26:02 +0200] "GET /favicon.ico HTTP/1.1" 200 296 "http://localhost/home" "Mozilla/5.0 (X11; Linux x86_64) AppleWebKit/537.36 (KHTML, like Gecko) Chrome/87.0.4280.88 Safari/537.36"
::1 - - [29/Dec/2020:22:26:02 +0200] "GET /home HTTP/1.1" 500 594900 "-" "Mozilla/5.0 (X11; Linux x86_64) AppleWebKit/537.36 (KHTML, like Gecko) Chrome/87.0.4280.88 Safari/537.36"
::1 - - [29/Dec/2020:22:26:02 +0200] "GET /home HTTP/1.1" 500 594712 "http://localhost/home" "Mozilla/5.0 (X11; Linux x86_64) AppleWebKit/537.36 (KHTML, like Gecko) Chrome/87.0.4280.88 Safari/537.36"
::1 - - [29/Dec/2020:22:26:02 +0200] "GET /favicon.ico HTTP/1.1" 200 296 "http://localhost/home" "Mozilla/5.0 (X11; Linux x86_64) AppleWebKit/537.36 (KHTML, like Gecko) Chrome/87.0.4280.88 Safari/537.36"
::1 - - [29/Dec/2020:22:26:02 +0200] "GET /home HTTP/1.1" 500 594900 "-" "Mozilla/5.0 (X11; Linux x86_64) AppleWebKit/537.36 (KHTML, like Gecko) Chrome/87.0.4280.88 Safari/537.36"
::1 - - [29/Dec/2020:22:26:02 +0200] "GET /home HTTP/1.1" 500 594712 "http://localhost/home" "Mozilla/5.0 (X11; Linux x86_64) AppleWebKit/537.36 (KHTML, like Gecko) Chrome/87.0.4280.88 Safari/537.36"
::1 - - [29/Dec/2020:22:26:02 +0200] "GET /favicon.ico HTTP/1.1" 200 296 "http://localhost/home" "Mozilla/5.0 (X11; Linux x86_64) AppleWebKit/537.36 (KHTML, like Gecko) Chrome/87.0.4280.88 Safari/537.36"
::1 - - [29/Dec/2020:22:26:02 +0200] "GET /home HTTP/1.1" 500 594900 "-" "Mozilla/5.0 (X11; Linux x86_64) AppleWebKit/537.36 (KHTML, like Gecko) Chrome/87.0.4280.88 Safari/537.36"
::1 - - [29/Dec/2020:22:26:02 +0200] "GET /home HTTP/1.1" 500 594712 "http://localhost/home" "Mozilla/5.0 (X11; Linux x86_64) AppleWebKit/537.36 (KHTML, like Gecko) Chrome/87.0.4280.88 Safari/537.36"
::1 - - [29/Dec/2020:22:26:02 +0200] "GET /favicon.ico HTTP/1.1" 200 296 "http://localhost/home" "Mozilla/5.0 (X11; Linux x86_64) AppleWebKit/537.36 (KHTML, like Gecko) Chrome/87.0.4280.88 Safari/537.36"
::1 - - [29/Dec/2020:22:26:02 +0200] "GET /home HTTP/1.1" 500 594900 "-" "Mozilla/5.0 (X11; Linux x86_64) AppleWebKit/537.36 (KHTML, like Gecko) Chrome/87.0.4280.88 Safari/537.36"
::1 - - [29/Dec/2020:22:26:02 +0200] "GET /home HTTP/1.1" 500 594712 "http://localhost/home" "Mozilla/5.0 (X11; Linux x86_64) AppleWebKit/537.36 (KHTML, like Gecko) Chrome/87.0.4280.88 Safari/537.36"
::1 - - [29/Dec/2020:22:26:03 +0200] "GET /favicon.ico HTTP/1.1" 200 296 "http://localhost/home" "Mozilla/5.0 (X11; Linux x86_64) AppleWebKit/537.36 (KHTML, like Gecko) Chrome/87.0.4280.88 Safari/537.36"
::1 - - [29/Dec/2020:22:26:04 +0200] "GET /home HTTP/1.1" 500 594900 "-" "Mozilla/5.0 (X11; Linux x86_64) AppleWebKit/537.36 (KHTML, like Gecko) Chrome/87.0.4280.88 Safari/537.36"
::1 - - [29/Dec/2020:22:26:04 +0200] "GET /home HTTP/1.1" 500 594712 "http://localhost/home" "Mozilla/5.0 (X11; Linux x86_64) AppleWebKit/537.36 (KHTML, like Gecko) Chrome/87.0.4280.88 Safari/537.36"
::1 - - [29/Dec/2020:22:26:04 +0200] "GET /favicon.ico HTTP/1.1" 200 296 "http://localhost/home" "Mozilla/5.0 (X11; Linux x86_64) AppleWebKit/537.36 (KHTML, like Gecko) Chrome/87.0.4280.88 Safari/537.36"
::1 - - [29/Dec/2020:22:26:04 +0200] "GET /home HTTP/1.1" 500 594900 "-" "Mozilla/5.0 (X11; Linux x86_64) AppleWebKit/537.36 (KHTML, like Gecko) Chrome/87.0.4280.88 Safari/537.36"
::1 - - [29/Dec/2020:22:26:04 +0200] "GET /home HTTP/1.1" 500 594712 "http://localhost/home" "Mozilla/5.0 (X11; Linux x86_64) AppleWebKit/537.36 (KHTML, like Gecko) Chrome/87.0.4280.88 Safari/537.36"
::1 - - [29/Dec/2020:22:26:04 +0200] "GET /favicon.ico HTTP/1.1" 200 296 "http://localhost/home" "Mozilla/5.0 (X11; Linux x86_64) AppleWebKit/537.36 (KHTML, like Gecko) Chrome/87.0.4280.88 Safari/537.36"
::1 - - [29/Dec/2020:22:26:04 +0200] "GET /home HTTP/1.1" 500 594900 "-" "Mozilla/5.0 (X11; Linux x86_64) AppleWebKit/537.36 (KHTML, like Gecko) Chrome/87.0.4280.88 Safari/537.36"
::1 - - [29/Dec/2020:22:26:04 +0200] "GET /home HTTP/1.1" 500 594712 "http://localhost/home" "Mozilla/5.0 (X11; Linux x86_64) AppleWebKit/537.36 (KHTML, like Gecko) Chrome/87.0.4280.88 Safari/537.36"
::1 - - [29/Dec/2020:22:26:05 +0200] "GET /favicon.ico HTTP/1.1" 200 296 "http://localhost/home" "Mozilla/5.0 (X11; Linux x86_64) AppleWebKit/537.36 (KHTML, like Gecko) Chrome/87.0.4280.88 Safari/537.36"
::1 - - [29/Dec/2020:22:26:07 +0200] "GET /home HTTP/1.1" 500 594900 "-" "Mozilla/5.0 (X11; Linux x86_64) AppleWebKit/537.36 (KHTML, like Gecko) Chrome/87.0.4280.88 Safari/537.36"
::1 - - [29/Dec/2020:22:26:07 +0200] "GET /home HTTP/1.1" 500 594712 "http://localhost/home" "Mozilla/5.0 (X11; Linux x86_64) AppleWebKit/537.36 (KHTML, like Gecko) Chrome/87.0.4280.88 Safari/537.36"
::1 - - [29/Dec/2020:22:26:08 +0200] "GET /favicon.ico HTTP/1.1" 200 296 "http://localhost/home" "Mozilla/5.0 (X11; Linux x86_64) AppleWebKit/537.36 (KHTML, like Gecko) Chrome/87.0.4280.88 Safari/537.36"
::1 - - [29/Dec/2020:22:26:08 +0200] "GET /home HTTP/1.1" 500 594900 "-" "Mozilla/5.0 (X11; Linux x86_64) AppleWebKit/537.36 (KHTML, like Gecko) Chrome/87.0.4280.88 Safari/537.36"
::1 - - [29/Dec/2020:22:26:08 +0200] "GET /home HTTP/1.1" 500 594712 "http://localhost/home" "Mozilla/5.0 (X11; Linux x86_64) AppleWebKit/537.36 (KHTML, like Gecko) Chrome/87.0.4280.88 Safari/537.36"
::1 - - [29/Dec/2020:22:26:08 +0200] "GET /favicon.ico HTTP/1.1" 200 296 "http://localhost/home" "Mozilla/5.0 (X11; Linux x86_64) AppleWebKit/537.36 (KHTML, like Gecko) Chrome/87.0.4280.88 Safari/537.36"
::1 - - [29/Dec/2020:22:26:11 +0200] "GET / HTTP/1.1" 200 1110 "-" "Mozilla/5.0 (X11; Linux x86_64) AppleWebKit/537.36 (KHTML, like Gecko) Chrome/87.0.4280.88 Safari/537.36"
::1 - - [29/Dec/2020:22:26:12 +0200] "GET / HTTP/1.1" 200 1110 "-" "Mozilla/5.0 (X11; Linux x86_64) AppleWebKit/537.36 (KHTML, like Gecko) Chrome/87.0.4280.88 Safari/537.36"
::1 - - [29/Dec/2020:22:26:12 +0200] "GET /favicon.ico HTTP/1.1" 200 295 "http://localhost/" "Mozilla/5.0 (X11; Linux x86_64) AppleWebKit/537.36 (KHTML, like Gecko) Chrome/87.0.4280.88 Safari/537.36"
::1 - - [29/Dec/2020:22:26:30 +0200] "GET / HTTP/1.1" 200 6371 "-" "Mozilla/5.0 (X11; Linux x86_64) AppleWebKit/537.36 (KHTML, like Gecko) Chrome/87.0.4280.88 Safari/537.36"
::1 - - [29/Dec/2020:22:26:30 +0200] "GET /favicon.ico HTTP/1.1" 200 295 "http://localhost/" "Mozilla/5.0 (X11; Linux x86_64) AppleWebKit/537.36 (KHTML, like Gecko) Chrome/87.0.4280.88 Safari/537.36"
::1 - - [29/Dec/2020:22:27:09 +0200] "GET /api/ HTTP/1.1" 301 560 "-" "Mozilla/5.0 (X11; Linux x86_64) AppleWebKit/537.36 (KHTML, like Gecko) Chrome/87.0.4280.88 Safari/537.36"
::1 - - [29/Dec/2020:22:27:09 +0200] "GET /api HTTP/1.1" 500 568620 "-" "Mozilla/5.0 (X11; Linux x86_64) AppleWebKit/537.36 (KHTML, like Gecko) Chrome/87.0.4280.88 Safari/537.36"
::1 - - [29/Dec/2020:22:28:01 +0200] "-" 408 0 "-" "-"
::1 - - [29/Dec/2020:22:28:08 +0200] "GET /api HTTP/1.1" 500 568650 "-" "Mozilla/5.0 (X11; Linux x86_64) AppleWebKit/537.36 (KHTML, like Gecko) Chrome/87.0.4280.88 Safari/537.36"
::1 - - [29/Dec/2020:22:28:08 +0200] "GET /favicon.ico HTTP/1.1" 200 296 "http://localhost/api" "Mozilla/5.0 (X11; Linux x86_64) AppleWebKit/537.36 (KHTML, like Gecko) Chrome/87.0.4280.88 Safari/537.36"
::1 - - [29/Dec/2020:22:28:09 +0200] "GET /api HTTP/1.1" 500 568650 "-" "Mozilla/5.0 (X11; Linux x86_64) AppleWebKit/537.36 (KHTML, like Gecko) Chrome/87.0.4280.88 Safari/537.36"
::1 - - [29/Dec/2020:22:28:09 +0200] "GET /favicon.ico HTTP/1.1" 200 296 "http://localhost/api" "Mozilla/5.0 (X11; Linux x86_64) AppleWebKit/537.36 (KHTML, like Gecko) Chrome/87.0.4280.88 Safari/537.36"
::1 - - [29/Dec/2020:22:28:09 +0200] "GET /api HTTP/1.1" 500 568650 "-" "Mozilla/5.0 (X11; Linux x86_64) AppleWebKit/537.36 (KHTML, like Gecko) Chrome/87.0.4280.88 Safari/537.36"
::1 - - [29/Dec/2020:22:28:09 +0200] "GET /favicon.ico HTTP/1.1" 200 296 "http://localhost/api" "Mozilla/5.0 (X11; Linux x86_64) AppleWebKit/537.36 (KHTML, like Gecko) Chrome/87.0.4280.88 Safari/537.36"
::1 - - [29/Dec/2020:22:29:03 +0200] "GET /api/user/register HTTP/1.1" 405 556990 "-" "Mozilla/5.0 (X11; Linux x86_64) AppleWebKit/537.36 (KHTML, like Gecko) Chrome/87.0.4280.88 Safari/537.36"
::1 - - [29/Dec/2020:22:29:12 +0200] "GET /api HTTP/1.1" 500 568650 "-" "Mozilla/5.0 (X11; Linux x86_64) AppleWebKit/537.36 (KHTML, like Gecko) Chrome/87.0.4280.88 Safari/537.36"
::1 - - [29/Dec/2020:22:29:12 +0200] "GET /favicon.ico HTTP/1.1" 200 296 "http://localhost/api" "Mozilla/5.0 (X11; Linux x86_64) AppleWebKit/537.36 (KHTML, like Gecko) Chrome/87.0.4280.88 Safari/537.36"
::1 - - [29/Dec/2020:22:29:15 +0200] "GET /api HTTP/1.1" 500 568650 "-" "Mozilla/5.0 (X11; Linux x86_64) AppleWebKit/537.36 (KHTML, like Gecko) Chrome/87.0.4280.88 Safari/537.36"
::1 - - [29/Dec/2020:22:29:15 +0200] "GET /favicon.ico HTTP/1.1" 200 296 "http://localhost/api" "Mozilla/5.0 (X11; Linux x86_64) AppleWebKit/537.36 (KHTML, like Gecko) Chrome/87.0.4280.88 Safari/537.36"
::1 - - [29/Dec/2020:22:29:16 +0200] "GET /api HTTP/1.1" 500 568650 "-" "Mozilla/5.0 (X11; Linux x86_64) AppleWebKit/537.36 (KHTML, like Gecko) Chrome/87.0.4280.88 Safari/537.36"
::1 - - [29/Dec/2020:22:29:16 +0200] "GET /favicon.ico HTTP/1.1" 200 296 "http://localhost/api" "Mozilla/5.0 (X11; Linux x86_64) AppleWebKit/537.36 (KHTML, like Gecko) Chrome/87.0.4280.88 Safari/537.36"
::1 - - [29/Dec/2020:22:30:58 +0200] "GET /api HTTP/1.1" 500 568650 "-" "Mozilla/5.0 (X11; Linux x86_64) AppleWebKit/537.36 (KHTML, like Gecko) Chrome/87.0.4280.88 Safari/537.36"
::1 - - [29/Dec/2020:22:30:58 +0200] "GET /favicon.ico HTTP/1.1" 200 296 "http://localhost/api" "Mozilla/5.0 (X11; Linux x86_64) AppleWebKit/537.36 (KHTML, like Gecko) Chrome/87.0.4280.88 Safari/537.36"
::1 - - [29/Dec/2020:22:30:59 +0200] "GET /api HTTP/1.1" 500 568650 "-" "Mozilla/5.0 (X11; Linux x86_64) AppleWebKit/537.36 (KHTML, like Gecko) Chrome/87.0.4280.88 Safari/537.36"
::1 - - [29/Dec/2020:22:30:59 +0200] "GET /favicon.ico HTTP/1.1" 200 296 "http://localhost/api" "Mozilla/5.0 (X11; Linux x86_64) AppleWebKit/537.36 (KHTML, like Gecko) Chrome/87.0.4280.88 Safari/537.36"
::1 - - [29/Dec/2020:22:30:59 +0200] "GET /api HTTP/1.1" 500 568650 "-" "Mozilla/5.0 (X11; Linux x86_64) AppleWebKit/537.36 (KHTML, like Gecko) Chrome/87.0.4280.88 Safari/537.36"
::1 - - [29/Dec/2020:22:30:59 +0200] "GET /favicon.ico HTTP/1.1" 200 296 "http://localhost/api" "Mozilla/5.0 (X11; Linux x86_64) AppleWebKit/537.36 (KHTML, like Gecko) Chrome/87.0.4280.88 Safari/537.36"
::1 - - [29/Dec/2020:22:30:59 +0200] "GET /api HTTP/1.1" 500 568650 "-" "Mozilla/5.0 (X11; Linux x86_64) AppleWebKit/537.36 (KHTML, like Gecko) Chrome/87.0.4280.88 Safari/537.36"
::1 - - [29/Dec/2020:22:30:59 +0200] "GET /favicon.ico HTTP/1.1" 200 296 "http://localhost/api" "Mozilla/5.0 (X11; Linux x86_64) AppleWebKit/537.36 (KHTML, like Gecko) Chrome/87.0.4280.88 Safari/537.36"
::1 - - [29/Dec/2020:22:30:59 +0200] "GET /api HTTP/1.1" 500 568650 "-" "Mozilla/5.0 (X11; Linux x86_64) AppleWebKit/537.36 (KHTML, like Gecko) Chrome/87.0.4280.88 Safari/537.36"
::1 - - [29/Dec/2020:22:30:59 +0200] "GET /favicon.ico HTTP/1.1" 200 296 "http://localhost/api" "Mozilla/5.0 (X11; Linux x86_64) AppleWebKit/537.36 (KHTML, like Gecko) Chrome/87.0.4280.88 Safari/537.36"
::1 - - [29/Dec/2020:22:32:29 +0200] "GET /api HTTP/1.1" 500 568650 "-" "Mozilla/5.0 (X11; Linux x86_64) AppleWebKit/537.36 (KHTML, like Gecko) Chrome/87.0.4280.88 Safari/537.36"
::1 - - [29/Dec/2020:22:32:29 +0200] "GET /favicon.ico HTTP/1.1" 200 296 "http://localhost/api" "Mozilla/5.0 (X11; Linux x86_64) AppleWebKit/537.36 (KHTML, like Gecko) Chrome/87.0.4280.88 Safari/537.36"
::1 - - [29/Dec/2020:22:32:29 +0200] "GET /api HTTP/1.1" 500 568650 "-" "Mozilla/5.0 (X11; Linux x86_64) AppleWebKit/537.36 (KHTML, like Gecko) Chrome/87.0.4280.88 Safari/537.36"
::1 - - [29/Dec/2020:22:32:29 +0200] "GET /favicon.ico HTTP/1.1" 200 296 "http://localhost/api" "Mozilla/5.0 (X11; Linux x86_64) AppleWebKit/537.36 (KHTML, like Gecko) Chrome/87.0.4280.88 Safari/537.36"
::1 - - [29/Dec/2020:22:32:30 +0200] "GET /api HTTP/1.1" 500 568650 "-" "Mozilla/5.0 (X11; Linux x86_64) AppleWebKit/537.36 (KHTML, like Gecko) Chrome/87.0.4280.88 Safari/537.36"
::1 - - [29/Dec/2020:22:32:30 +0200] "GET /favicon.ico HTTP/1.1" 200 296 "http://localhost/api" "Mozilla/5.0 (X11; Linux x86_64) AppleWebKit/537.36 (KHTML, like Gecko) Chrome/87.0.4280.88 Safari/537.36"
::1 - - [29/Dec/2020:22:32:33 +0200] "GET /api HTTP/1.1" 500 568650 "-" "Mozilla/5.0 (X11; Linux x86_64) AppleWebKit/537.36 (KHTML, like Gecko) Chrome/87.0.4280.88 Safari/537.36"
::1 - - [29/Dec/2020:22:32:33 +0200] "GET /favicon.ico HTTP/1.1" 200 296 "http://localhost/api" "Mozilla/5.0 (X11; Linux x86_64) AppleWebKit/537.36 (KHTML, like Gecko) Chrome/87.0.4280.88 Safari/537.36"
::1 - - [29/Dec/2020:22:32:33 +0200] "GET /api HTTP/1.1" 500 568650 "-" "Mozilla/5.0 (X11; Linux x86_64) AppleWebKit/537.36 (KHTML, like Gecko) Chrome/87.0.4280.88 Safari/537.36"
::1 - - [29/Dec/2020:22:32:33 +0200] "GET /favicon.ico HTTP/1.1" 200 296 "http://localhost/api" "Mozilla/5.0 (X11; Linux x86_64) AppleWebKit/537.36 (KHTML, like Gecko) Chrome/87.0.4280.88 Safari/537.36"
::1 - - [29/Dec/2020:22:32:34 +0200] "GET /api HTTP/1.1" 500 568650 "-" "Mozilla/5.0 (X11; Linux x86_64) AppleWebKit/537.36 (KHTML, like Gecko) Chrome/87.0.4280.88 Safari/537.36"
::1 - - [29/Dec/2020:22:32:34 +0200] "GET /favicon.ico HTTP/1.1" 200 296 "http://localhost/api" "Mozilla/5.0 (X11; Linux x86_64) AppleWebKit/537.36 (KHTML, like Gecko) Chrome/87.0.4280.88 Safari/537.36"
::1 - - [29/Dec/2020:22:32:34 +0200] "GET /api HTTP/1.1" 500 568650 "-" "Mozilla/5.0 (X11; Linux x86_64) AppleWebKit/537.36 (KHTML, like Gecko) Chrome/87.0.4280.88 Safari/537.36"
::1 - - [29/Dec/2020:22:32:34 +0200] "GET /favicon.ico HTTP/1.1" 200 296 "http://localhost/api" "Mozilla/5.0 (X11; Linux x86_64) AppleWebKit/537.36 (KHTML, like Gecko) Chrome/87.0.4280.88 Safari/537.36"
::1 - - [29/Dec/2020:22:32:34 +0200] "GET /api HTTP/1.1" 500 568650 "-" "Mozilla/5.0 (X11; Linux x86_64) AppleWebKit/537.36 (KHTML, like Gecko) Chrome/87.0.4280.88 Safari/537.36"
::1 - - [29/Dec/2020:22:32:34 +0200] "GET /favicon.ico HTTP/1.1" 200 296 "http://localhost/api" "Mozilla/5.0 (X11; Linux x86_64) AppleWebKit/537.36 (KHTML, like Gecko) Chrome/87.0.4280.88 Safari/537.36"
::1 - - [29/Dec/2020:22:35:26 +0200] "GET /api HTTP/1.1" 500 568650 "-" "Mozilla/5.0 (X11; Linux x86_64) AppleWebKit/537.36 (KHTML, like Gecko) Chrome/87.0.4280.88 Safari/537.36"
::1 - - [29/Dec/2020:22:35:27 +0200] "GET /favicon.ico HTTP/1.1" 200 296 "http://localhost/api" "Mozilla/5.0 (X11; Linux x86_64) AppleWebKit/537.36 (KHTML, like Gecko) Chrome/87.0.4280.88 Safari/537.36"
::1 - - [29/Dec/2020:22:35:27 +0200] "GET /api HTTP/1.1" 500 568650 "-" "Mozilla/5.0 (X11; Linux x86_64) AppleWebKit/537.36 (KHTML, like Gecko) Chrome/87.0.4280.88 Safari/537.36"
::1 - - [29/Dec/2020:22:35:27 +0200] "GET /favicon.ico HTTP/1.1" 200 296 "http://localhost/api" "Mozilla/5.0 (X11; Linux x86_64) AppleWebKit/537.36 (KHTML, like Gecko) Chrome/87.0.4280.88 Safari/537.36"
::1 - - [29/Dec/2020:22:35:27 +0200] "GET /api HTTP/1.1" 500 568650 "-" "Mozilla/5.0 (X11; Linux x86_64) AppleWebKit/537.36 (KHTML, like Gecko) Chrome/87.0.4280.88 Safari/537.36"
::1 - - [29/Dec/2020:22:35:28 +0200] "GET /favicon.ico HTTP/1.1" 200 296 "http://localhost/api" "Mozilla/5.0 (X11; Linux x86_64) AppleWebKit/537.36 (KHTML, like Gecko) Chrome/87.0.4280.88 Safari/537.36"
::1 - - [29/Dec/2020:22:35:28 +0200] "GET /api HTTP/1.1" 500 568650 "-" "Mozilla/5.0 (X11; Linux x86_64) AppleWebKit/537.36 (KHTML, like Gecko) Chrome/87.0.4280.88 Safari/537.36"
::1 - - [29/Dec/2020:22:35:28 +0200] "GET /favicon.ico HTTP/1.1" 200 296 "http://localhost/api" "Mozilla/5.0 (X11; Linux x86_64) AppleWebKit/537.36 (KHTML, like Gecko) Chrome/87.0.4280.88 Safari/537.36"
::1 - - [29/Dec/2020:22:35:28 +0200] "GET /api HTTP/1.1" 500 568650 "-" "Mozilla/5.0 (X11; Linux x86_64) AppleWebKit/537.36 (KHTML, like Gecko) Chrome/87.0.4280.88 Safari/537.36"
::1 - - [29/Dec/2020:22:35:28 +0200] "GET /favicon.ico HTTP/1.1" 200 296 "http://localhost/api" "Mozilla/5.0 (X11; Linux x86_64) AppleWebKit/537.36 (KHTML, like Gecko) Chrome/87.0.4280.88 Safari/537.36"
::1 - - [29/Dec/2020:22:35:28 +0200] "GET /api HTTP/1.1" 500 568650 "-" "Mozilla/5.0 (X11; Linux x86_64) AppleWebKit/537.36 (KHTML, like Gecko) Chrome/87.0.4280.88 Safari/537.36"
::1 - - [29/Dec/2020:22:35:28 +0200] "GET /favicon.ico HTTP/1.1" 200 296 "http://localhost/api" "Mozilla/5.0 (X11; Linux x86_64) AppleWebKit/537.36 (KHTML, like Gecko) Chrome/87.0.4280.88 Safari/537.36"
::1 - - [29/Dec/2020:22:35:28 +0200] "GET /api HTTP/1.1" 500 568650 "-" "Mozilla/5.0 (X11; Linux x86_64) AppleWebKit/537.36 (KHTML, like Gecko) Chrome/87.0.4280.88 Safari/537.36"
::1 - - [29/Dec/2020:22:35:28 +0200] "GET /favicon.ico HTTP/1.1" 200 296 "http://localhost/api" "Mozilla/5.0 (X11; Linux x86_64) AppleWebKit/537.36 (KHTML, like Gecko) Chrome/87.0.4280.88 Safari/537.36"
::1 - - [29/Dec/2020:22:35:29 +0200] "GET /api HTTP/1.1" 500 568650 "-" "Mozilla/5.0 (X11; Linux x86_64) AppleWebKit/537.36 (KHTML, like Gecko) Chrome/87.0.4280.88 Safari/537.36"
::1 - - [29/Dec/2020:22:35:29 +0200] "GET /favicon.ico HTTP/1.1" 200 296 "http://localhost/api" "Mozilla/5.0 (X11; Linux x86_64) AppleWebKit/537.36 (KHTML, like Gecko) Chrome/87.0.4280.88 Safari/537.36"
::1 - - [29/Dec/2020:22:35:29 +0200] "GET /api HTTP/1.1" 500 568650 "-" "Mozilla/5.0 (X11; Linux x86_64) AppleWebKit/537.36 (KHTML, like Gecko) Chrome/87.0.4280.88 Safari/537.36"
::1 - - [29/Dec/2020:22:35:30 +0200] "GET /favicon.ico HTTP/1.1" 200 296 "http://localhost/api" "Mozilla/5.0 (X11; Linux x86_64) AppleWebKit/537.36 (KHTML, like Gecko) Chrome/87.0.4280.88 Safari/537.36"
::1 - - [29/Dec/2020:22:35:30 +0200] "GET /api HTTP/1.1" 500 568650 "-" "Mozilla/5.0 (X11; Linux x86_64) AppleWebKit/537.36 (KHTML, like Gecko) Chrome/87.0.4280.88 Safari/537.36"
::1 - - [29/Dec/2020:22:35:30 +0200] "GET /favicon.ico HTTP/1.1" 200 296 "http://localhost/api" "Mozilla/5.0 (X11; Linux x86_64) AppleWebKit/537.36 (KHTML, like Gecko) Chrome/87.0.4280.88 Safari/537.36"
::1 - - [29/Dec/2020:22:36:31 +0200] "GET /api HTTP/1.1" 500 579586 "-" "Mozilla/5.0 (X11; Linux x86_64) AppleWebKit/537.36 (KHTML, like Gecko) Chrome/87.0.4280.88 Safari/537.36"
::1 - - [29/Dec/2020:22:36:31 +0200] "GET /api HTTP/1.1" 500 579397 "http://localhost/api" "Mozilla/5.0 (X11; Linux x86_64) AppleWebKit/537.36 (KHTML, like Gecko) Chrome/87.0.4280.88 Safari/537.36"
::1 - - [29/Dec/2020:22:36:31 +0200] "GET /favicon.ico HTTP/1.1" 200 296 "http://localhost/api" "Mozilla/5.0 (X11; Linux x86_64) AppleWebKit/537.36 (KHTML, like Gecko) Chrome/87.0.4280.88 Safari/537.36"
::1 - - [29/Dec/2020:22:36:32 +0200] "GET /api HTTP/1.1" 500 579586 "-" "Mozilla/5.0 (X11; Linux x86_64) AppleWebKit/537.36 (KHTML, like Gecko) Chrome/87.0.4280.88 Safari/537.36"
::1 - - [29/Dec/2020:22:36:32 +0200] "GET /api HTTP/1.1" 500 579397 "http://localhost/api" "Mozilla/5.0 (X11; Linux x86_64) AppleWebKit/537.36 (KHTML, like Gecko) Chrome/87.0.4280.88 Safari/537.36"
::1 - - [29/Dec/2020:22:36:32 +0200] "GET /favicon.ico HTTP/1.1" 200 296 "http://localhost/api" "Mozilla/5.0 (X11; Linux x86_64) AppleWebKit/537.36 (KHTML, like Gecko) Chrome/87.0.4280.88 Safari/537.36"
::1 - - [29/Dec/2020:22:36:33 +0200] "GET /api HTTP/1.1" 500 579586 "-" "Mozilla/5.0 (X11; Linux x86_64) AppleWebKit/537.36 (KHTML, like Gecko) Chrome/87.0.4280.88 Safari/537.36"
::1 - - [29/Dec/2020:22:36:33 +0200] "GET /api HTTP/1.1" 500 579397 "http://localhost/api" "Mozilla/5.0 (X11; Linux x86_64) AppleWebKit/537.36 (KHTML, like Gecko) Chrome/87.0.4280.88 Safari/537.36"
::1 - - [29/Dec/2020:22:36:33 +0200] "GET /favicon.ico HTTP/1.1" 200 296 "http://localhost/api" "Mozilla/5.0 (X11; Linux x86_64) AppleWebKit/537.36 (KHTML, like Gecko) Chrome/87.0.4280.88 Safari/537.36"
::1 - - [29/Dec/2020:22:36:48 +0200] "GET /api HTTP/1.1" 500 579586 "-" "Mozilla/5.0 (X11; Linux x86_64) AppleWebKit/537.36 (KHTML, like Gecko) Chrome/87.0.4280.88 Safari/537.36"
::1 - - [29/Dec/2020:22:36:48 +0200] "GET /api HTTP/1.1" 500 579397 "http://localhost/api" "Mozilla/5.0 (X11; Linux x86_64) AppleWebKit/537.36 (KHTML, like Gecko) Chrome/87.0.4280.88 Safari/537.36"
::1 - - [29/Dec/2020:22:36:48 +0200] "GET /favicon.ico HTTP/1.1" 200 296 "http://localhost/api" "Mozilla/5.0 (X11; Linux x86_64) AppleWebKit/537.36 (KHTML, like Gecko) Chrome/87.0.4280.88 Safari/537.36"
::1 - - [29/Dec/2020:22:36:50 +0200] "GET /api HTTP/1.1" 500 579586 "-" "Mozilla/5.0 (X11; Linux x86_64) AppleWebKit/537.36 (KHTML, like Gecko) Chrome/87.0.4280.88 Safari/537.36"
::1 - - [29/Dec/2020:22:36:50 +0200] "GET /api HTTP/1.1" 500 579397 "http://localhost/api" "Mozilla/5.0 (X11; Linux x86_64) AppleWebKit/537.36 (KHTML, like Gecko) Chrome/87.0.4280.88 Safari/537.36"
::1 - - [29/Dec/2020:22:36:50 +0200] "GET /favicon.ico HTTP/1.1" 200 296 "http://localhost/api" "Mozilla/5.0 (X11; Linux x86_64) AppleWebKit/537.36 (KHTML, like Gecko) Chrome/87.0.4280.88 Safari/537.36"
::1 - - [29/Dec/2020:22:36:53 +0200] "GET /api HTTP/1.1" 200 296 "-" "Mozilla/5.0 (X11; Linux x86_64) AppleWebKit/537.36 (KHTML, like Gecko) Chrome/87.0.4280.88 Safari/537.36"
::1 - - [29/Dec/2020:22:36:53 +0200] "GET /favicon.ico HTTP/1.1" 200 295 "http://localhost/api" "Mozilla/5.0 (X11; Linux x86_64) AppleWebKit/537.36 (KHTML, like Gecko) Chrome/87.0.4280.88 Safari/537.36"
::1 - - [29/Dec/2020:22:37:45 +0200] "-" 408 0 "-" "-"
::1 - - [29/Dec/2020:22:38:21 +0200] "GET /api HTTP/1.1" 200 299 "-" "Mozilla/5.0 (X11; Linux x86_64) AppleWebKit/537.36 (KHTML, like Gecko) Chrome/87.0.4280.88 Safari/537.36"
::1 - - [29/Dec/2020:22:38:21 +0200] "GET /favicon.ico HTTP/1.1" 200 295 "http://localhost/api" "Mozilla/5.0 (X11; Linux x86_64) AppleWebKit/537.36 (KHTML, like Gecko) Chrome/87.0.4280.88 Safari/537.36"
::1 - - [29/Dec/2020:22:38:31 +0200] "GET /api HTTP/1.1" 200 299 "-" "Mozilla/5.0 (X11; Linux x86_64) AppleWebKit/537.36 (KHTML, like Gecko) Chrome/87.0.4280.88 Safari/537.36"
::1 - - [29/Dec/2020:22:38:31 +0200] "GET /favicon.ico HTTP/1.1" 200 295 "http://localhost/api" "Mozilla/5.0 (X11; Linux x86_64) AppleWebKit/537.36 (KHTML, like Gecko) Chrome/87.0.4280.88 Safari/537.36"
::1 - - [29/Dec/2020:22:38:31 +0200] "GET /api HTTP/1.1" 200 298 "-" "Mozilla/5.0 (X11; Linux x86_64) AppleWebKit/537.36 (KHTML, like Gecko) Chrome/87.0.4280.88 Safari/537.36"
::1 - - [29/Dec/2020:22:38:32 +0200] "GET /favicon.ico HTTP/1.1" 200 295 "http://localhost/api" "Mozilla/5.0 (X11; Linux x86_64) AppleWebKit/537.36 (KHTML, like Gecko) Chrome/87.0.4280.88 Safari/537.36"
::1 - - [29/Dec/2020:22:38:32 +0200] "GET /api HTTP/1.1" 200 298 "-" "Mozilla/5.0 (X11; Linux x86_64) AppleWebKit/537.36 (KHTML, like Gecko) Chrome/87.0.4280.88 Safari/537.36"
::1 - - [29/Dec/2020:22:38:32 +0200] "GET /favicon.ico HTTP/1.1" 200 295 "http://localhost/api" "Mozilla/5.0 (X11; Linux x86_64) AppleWebKit/537.36 (KHTML, like Gecko) Chrome/87.0.4280.88 Safari/537.36"
::1 - - [29/Dec/2020:22:38:32 +0200] "GET /api HTTP/1.1" 200 298 "-" "Mozilla/5.0 (X11; Linux x86_64) AppleWebKit/537.36 (KHTML, like Gecko) Chrome/87.0.4280.88 Safari/537.36"
::1 - - [29/Dec/2020:22:38:32 +0200] "GET /favicon.ico HTTP/1.1" 200 295 "http://localhost/api" "Mozilla/5.0 (X11; Linux x86_64) AppleWebKit/537.36 (KHTML, like Gecko) Chrome/87.0.4280.88 Safari/537.36"
::1 - - [29/Dec/2020:22:38:32 +0200] "GET /api HTTP/1.1" 200 298 "-" "Mozilla/5.0 (X11; Linux x86_64) AppleWebKit/537.36 (KHTML, like Gecko) Chrome/87.0.4280.88 Safari/537.36"
::1 - - [29/Dec/2020:22:38:32 +0200] "GET /favicon.ico HTTP/1.1" 200 295 "http://localhost/api" "Mozilla/5.0 (X11; Linux x86_64) AppleWebKit/537.36 (KHTML, like Gecko) Chrome/87.0.4280.88 Safari/537.36"
::1 - - [29/Dec/2020:22:38:32 +0200] "GET /api HTTP/1.1" 200 298 "-" "Mozilla/5.0 (X11; Linux x86_64) AppleWebKit/537.36 (KHTML, like Gecko) Chrome/87.0.4280.88 Safari/537.36"
::1 - - [29/Dec/2020:22:38:33 +0200] "GET /favicon.ico HTTP/1.1" 200 295 "http://localhost/api" "Mozilla/5.0 (X11; Linux x86_64) AppleWebKit/537.36 (KHTML, like Gecko) Chrome/87.0.4280.88 Safari/537.36"
::1 - - [29/Dec/2020:22:38:34 +0200] "GET /api HTTP/1.1" 200 298 "-" "Mozilla/5.0 (X11; Linux x86_64) AppleWebKit/537.36 (KHTML, like Gecko) Chrome/87.0.4280.88 Safari/537.36"
::1 - - [29/Dec/2020:22:38:34 +0200] "GET /favicon.ico HTTP/1.1" 200 295 "http://localhost/api" "Mozilla/5.0 (X11; Linux x86_64) AppleWebKit/537.36 (KHTML, like Gecko) Chrome/87.0.4280.88 Safari/537.36"
::1 - - [29/Dec/2020:22:38:38 +0200] "GET /api HTTP/1.1" 200 298 "-" "Mozilla/5.0 (X11; Linux x86_64) AppleWebKit/537.36 (KHTML, like Gecko) Chrome/87.0.4280.88 Safari/537.36"
::1 - - [29/Dec/2020:22:38:38 +0200] "GET /favicon.ico HTTP/1.1" 200 295 "http://localhost/api" "Mozilla/5.0 (X11; Linux x86_64) AppleWebKit/537.36 (KHTML, like Gecko) Chrome/87.0.4280.88 Safari/537.36"
::1 - - [29/Dec/2020:22:38:58 +0200] "GET /api/home HTTP/1.1" 302 587 "-" "Mozilla/5.0 (X11; Linux x86_64) AppleWebKit/537.36 (KHTML, like Gecko) Chrome/87.0.4280.88 Safari/537.36"
::1 - - [29/Dec/2020:22:38:58 +0200] "GET / HTTP/1.1" 200 6370 "-" "Mozilla/5.0 (X11; Linux x86_64) AppleWebKit/537.36 (KHTML, like Gecko) Chrome/87.0.4280.88 Safari/537.36"
::1 - - [29/Dec/2020:22:39:24 +0200] "GET /api HTTP/1.1" 200 299 "-" "Mozilla/5.0 (X11; Linux x86_64) AppleWebKit/537.36 (KHTML, like Gecko) Chrome/87.0.4280.88 Safari/537.36"
::1 - - [29/Dec/2020:22:39:29 +0200] "GET /api/home HTTP/1.1" 302 586 "-" "Mozilla/5.0 (X11; Linux x86_64) AppleWebKit/537.36 (KHTML, like Gecko) Chrome/87.0.4280.88 Safari/537.36"
::1 - - [29/Dec/2020:22:39:29 +0200] "GET / HTTP/1.1" 200 6370 "-" "Mozilla/5.0 (X11; Linux x86_64) AppleWebKit/537.36 (KHTML, like Gecko) Chrome/87.0.4280.88 Safari/537.36"
::1 - - [29/Dec/2020:22:39:48 +0200] "GET / HTTP/1.1" 200 6371 "-" "Mozilla/5.0 (X11; Linux x86_64) AppleWebKit/537.36 (KHTML, like Gecko) Chrome/87.0.4280.88 Safari/537.36"
::1 - - [29/Dec/2020:22:39:48 +0200] "GET /favicon.ico HTTP/1.1" 200 295 "http://localhost/" "Mozilla/5.0 (X11; Linux x86_64) AppleWebKit/537.36 (KHTML, like Gecko) Chrome/87.0.4280.88 Safari/537.36"
::1 - - [29/Dec/2020:22:39:53 +0200] "GET /api HTTP/1.1" 200 299 "-" "Mozilla/5.0 (X11; Linux x86_64) AppleWebKit/537.36 (KHTML, like Gecko) Chrome/87.0.4280.88 Safari/537.36"
::1 - - [29/Dec/2020:22:39:57 +0200] "GET /api/home HTTP/1.1" 302 586 "-" "Mozilla/5.0 (X11; Linux x86_64) AppleWebKit/537.36 (KHTML, like Gecko) Chrome/87.0.4280.88 Safari/537.36"
::1 - - [29/Dec/2020:22:39:57 +0200] "GET / HTTP/1.1" 200 6370 "-" "Mozilla/5.0 (X11; Linux x86_64) AppleWebKit/537.36 (KHTML, like Gecko) Chrome/87.0.4280.88 Safari/537.36"
::1 - - [29/Dec/2020:22:40:12 +0200] "GET /api HTTP/1.1" 200 297 "-" "Mozilla/5.0 (X11; Linux x86_64) AppleWebKit/537.36 (KHTML, like Gecko) Chrome/87.0.4280.88 Safari/537.36"
::1 - - [29/Dec/2020:22:40:15 +0200] "GET /api/home HTTP/1.1" 302 601 "-" "Mozilla/5.0 (X11; Linux x86_64) AppleWebKit/537.36 (KHTML, like Gecko) Chrome/87.0.4280.88 Safari/537.36"
::1 - - [29/Dec/2020:22:40:15 +0200] "GET /api HTTP/1.1" 200 296 "-" "Mozilla/5.0 (X11; Linux x86_64) AppleWebKit/537.36 (KHTML, like Gecko) Chrome/87.0.4280.88 Safari/537.36"
::1 - - [29/Dec/2020:22:40:46 +0200] "GET /api HTTP/1.1" 200 311 "-" "Mozilla/5.0 (X11; Linux x86_64) AppleWebKit/537.36 (KHTML, like Gecko) Chrome/87.0.4280.88 Safari/537.36"
::1 - - [29/Dec/2020:22:40:47 +0200] "GET /favicon.ico HTTP/1.1" 200 295 "http://localhost/api" "Mozilla/5.0 (X11; Linux x86_64) AppleWebKit/537.36 (KHTML, like Gecko) Chrome/87.0.4280.88 Safari/537.36"
::1 - - [29/Dec/2020:22:40:47 +0200] "GET /api HTTP/1.1" 200 310 "-" "Mozilla/5.0 (X11; Linux x86_64) AppleWebKit/537.36 (KHTML, like Gecko) Chrome/87.0.4280.88 Safari/537.36"
::1 - - [29/Dec/2020:22:40:47 +0200] "GET /favicon.ico HTTP/1.1" 200 295 "http://localhost/api" "Mozilla/5.0 (X11; Linux x86_64) AppleWebKit/537.36 (KHTML, like Gecko) Chrome/87.0.4280.88 Safari/537.36"
::1 - - [29/Dec/2020:22:41:18 +0200] "GET /api HTTP/1.1" 200 311 "-" "Mozilla/5.0 (X11; Linux x86_64) AppleWebKit/537.36 (KHTML, like Gecko) Chrome/87.0.4280.88 Safari/537.36"
::1 - - [29/Dec/2020:22:41:18 +0200] "GET /favicon.ico HTTP/1.1" 200 295 "http://localhost/api" "Mozilla/5.0 (X11; Linux x86_64) AppleWebKit/537.36 (KHTML, like Gecko) Chrome/87.0.4280.88 Safari/537.36"
::1 - - [29/Dec/2020:22:41:21 +0200] "GET /api/home HTTP/1.1" 302 601 "-" "Mozilla/5.0 (X11; Linux x86_64) AppleWebKit/537.36 (KHTML, like Gecko) Chrome/87.0.4280.88 Safari/537.36"
::1 - - [29/Dec/2020:22:41:22 +0200] "GET /api HTTP/1.1" 200 310 "-" "Mozilla/5.0 (X11; Linux x86_64) AppleWebKit/537.36 (KHTML, like Gecko) Chrome/87.0.4280.88 Safari/537.36"
::1 - - [29/Dec/2020:22:42:09 +0200] "-" 408 0 "-" "-"
::1 - - [29/Dec/2020:22:43:37 +0200] "GET /api HTTP/1.1" 200 311 "-" "Mozilla/5.0 (X11; Linux x86_64) AppleWebKit/537.36 (KHTML, like Gecko) Chrome/87.0.4280.88 Safari/537.36"
::1 - - [29/Dec/2020:22:43:37 +0200] "GET /favicon.ico HTTP/1.1" 200 295 "http://localhost/api" "Mozilla/5.0 (X11; Linux x86_64) AppleWebKit/537.36 (KHTML, like Gecko) Chrome/87.0.4280.88 Safari/537.36"
::1 - - [29/Dec/2020:22:43:41 +0200] "GET /api/home HTTP/1.1" 302 601 "-" "Mozilla/5.0 (X11; Linux x86_64) AppleWebKit/537.36 (KHTML, like Gecko) Chrome/87.0.4280.88 Safari/537.36"
::1 - - [29/Dec/2020:22:43:41 +0200] "GET /api HTTP/1.1" 200 310 "-" "Mozilla/5.0 (X11; Linux x86_64) AppleWebKit/537.36 (KHTML, like Gecko) Chrome/87.0.4280.88 Safari/537.36"
::1 - - [29/Dec/2020:22:43:50 +0200] "GET /api/home HTTP/1.1" 404 6851 "-" "Mozilla/5.0 (X11; Linux x86_64) AppleWebKit/537.36 (KHTML, like Gecko) Chrome/87.0.4280.88 Safari/537.36"
::1 - - [29/Dec/2020:22:43:58 +0200] "GET /api/home HTTP/1.1" 404 6851 "-" "Mozilla/5.0 (X11; Linux x86_64) AppleWebKit/537.36 (KHTML, like Gecko) Chrome/87.0.4280.88 Safari/537.36"
::1 - - [29/Dec/2020:22:44:03 +0200] "GET /api/home HTTP/1.1" 302 602 "-" "Mozilla/5.0 (X11; Linux x86_64) AppleWebKit/537.36 (KHTML, like Gecko) Chrome/87.0.4280.88 Safari/537.36"
::1 - - [29/Dec/2020:22:44:03 +0200] "GET /api HTTP/1.1" 200 310 "-" "Mozilla/5.0 (X11; Linux x86_64) AppleWebKit/537.36 (KHTML, like Gecko) Chrome/87.0.4280.88 Safari/537.36"
::1 - - [29/Dec/2020:22:44:55 +0200] "-" 408 0 "-" "-"
::1 - - [29/Dec/2020:22:45:42 +0200] "GET /api HTTP/1.1" 200 311 "-" "Mozilla/5.0 (X11; Linux x86_64) AppleWebKit/537.36 (KHTML, like Gecko) Chrome/87.0.4280.88 Safari/537.36"
::1 - - [29/Dec/2020:22:45:42 +0200] "GET /favicon.ico HTTP/1.1" 200 295 "http://localhost/api" "Mozilla/5.0 (X11; Linux x86_64) AppleWebKit/537.36 (KHTML, like Gecko) Chrome/87.0.4280.88 Safari/537.36"
::1 - - [29/Dec/2020:22:45:49 +0200] "GET /api HTTP/1.1" 200 311 "-" "Mozilla/5.0 (X11; Linux x86_64) AppleWebKit/537.36 (KHTML, like Gecko) Chrome/87.0.4280.88 Safari/537.36"
::1 - - [29/Dec/2020:22:45:49 +0200] "GET /favicon.ico HTTP/1.1" 200 295 "http://localhost/api" "Mozilla/5.0 (X11; Linux x86_64) AppleWebKit/537.36 (KHTML, like Gecko) Chrome/87.0.4280.88 Safari/537.36"
::1 - - [29/Dec/2020:22:45:49 +0200] "GET /api HTTP/1.1" 200 310 "-" "Mozilla/5.0 (X11; Linux x86_64) AppleWebKit/537.36 (KHTML, like Gecko) Chrome/87.0.4280.88 Safari/537.36"
::1 - - [29/Dec/2020:22:45:49 +0200] "GET /favicon.ico HTTP/1.1" 200 295 "http://localhost/api" "Mozilla/5.0 (X11; Linux x86_64) AppleWebKit/537.36 (KHTML, like Gecko) Chrome/87.0.4280.88 Safari/537.36"
::1 - - [29/Dec/2020:22:45:50 +0200] "GET /api HTTP/1.1" 200 310 "-" "Mozilla/5.0 (X11; Linux x86_64) AppleWebKit/537.36 (KHTML, like Gecko) Chrome/87.0.4280.88 Safari/537.36"
::1 - - [29/Dec/2020:22:45:50 +0200] "GET /favicon.ico HTTP/1.1" 200 295 "http://localhost/api" "Mozilla/5.0 (X11; Linux x86_64) AppleWebKit/537.36 (KHTML, like Gecko) Chrome/87.0.4280.88 Safari/537.36"
::1 - - [29/Dec/2020:22:45:50 +0200] "GET /api HTTP/1.1" 200 310 "-" "Mozilla/5.0 (X11; Linux x86_64) AppleWebKit/537.36 (KHTML, like Gecko) Chrome/87.0.4280.88 Safari/537.36"
::1 - - [29/Dec/2020:22:45:50 +0200] "GET /favicon.ico HTTP/1.1" 200 295 "http://localhost/api" "Mozilla/5.0 (X11; Linux x86_64) AppleWebKit/537.36 (KHTML, like Gecko) Chrome/87.0.4280.88 Safari/537.36"
::1 - - [29/Dec/2020:22:45:53 +0200] "GET /api HTTP/1.1" 200 310 "-" "Mozilla/5.0 (X11; Linux x86_64) AppleWebKit/537.36 (KHTML, like Gecko) Chrome/87.0.4280.88 Safari/537.36"
::1 - - [29/Dec/2020:22:46:04 +0200] "GET /api HTTP/1.1" 200 311 "-" "Mozilla/5.0 (X11; Linux x86_64) AppleWebKit/537.36 (KHTML, like Gecko) Chrome/87.0.4280.88 Safari/537.36"
::1 - - [29/Dec/2020:22:46:04 +0200] "GET /favicon.ico HTTP/1.1" 200 295 "http://localhost/api" "Mozilla/5.0 (X11; Linux x86_64) AppleWebKit/537.36 (KHTML, like Gecko) Chrome/87.0.4280.88 Safari/537.36"
::1 - - [29/Dec/2020:22:46:05 +0200] "GET /api HTTP/1.1" 200 310 "-" "Mozilla/5.0 (X11; Linux x86_64) AppleWebKit/537.36 (KHTML, like Gecko) Chrome/87.0.4280.88 Safari/537.36"
::1 - - [29/Dec/2020:22:46:05 +0200] "GET /favicon.ico HTTP/1.1" 200 295 "http://localhost/api" "Mozilla/5.0 (X11; Linux x86_64) AppleWebKit/537.36 (KHTML, like Gecko) Chrome/87.0.4280.88 Safari/537.36"
::1 - - [29/Dec/2020:22:46:07 +0200] "GET /api/home HTTP/1.1" 302 601 "-" "Mozilla/5.0 (X11; Linux x86_64) AppleWebKit/537.36 (KHTML, like Gecko) Chrome/87.0.4280.88 Safari/537.36"
::1 - - [29/Dec/2020:22:46:08 +0200] "GET /api HTTP/1.1" 200 310 "-" "Mozilla/5.0 (X11; Linux x86_64) AppleWebKit/537.36 (KHTML, like Gecko) Chrome/87.0.4280.88 Safari/537.36"
::1 - - [29/Dec/2020:22:46:56 +0200] "-" 408 0 "-" "-"
::1 - - [29/Dec/2020:22:47:29 +0200] "GET /api HTTP/1.1" 200 311 "-" "Mozilla/5.0 (X11; Linux x86_64) AppleWebKit/537.36 (KHTML, like Gecko) Chrome/87.0.4280.88 Safari/537.36"
::1 - - [29/Dec/2020:22:47:29 +0200] "GET /favicon.ico HTTP/1.1" 200 295 "http://localhost/api" "Mozilla/5.0 (X11; Linux x86_64) AppleWebKit/537.36 (KHTML, like Gecko) Chrome/87.0.4280.88 Safari/537.36"
::1 - - [29/Dec/2020:22:47:30 +0200] "GET /api HTTP/1.1" 200 310 "-" "Mozilla/5.0 (X11; Linux x86_64) AppleWebKit/537.36 (KHTML, like Gecko) Chrome/87.0.4280.88 Safari/537.36"
::1 - - [29/Dec/2020:22:47:30 +0200] "GET /favicon.ico HTTP/1.1" 200 295 "http://localhost/api" "Mozilla/5.0 (X11; Linux x86_64) AppleWebKit/537.36 (KHTML, like Gecko) Chrome/87.0.4280.88 Safari/537.36"
::1 - - [29/Dec/2020:22:47:36 +0200] "GET /api/home HTTP/1.1" 404 6851 "-" "Mozilla/5.0 (X11; Linux x86_64) AppleWebKit/537.36 (KHTML, like Gecko) Chrome/87.0.4280.88 Safari/537.36"
::1 - - [29/Dec/2020:22:47:45 +0200] "GET /api/home HTTP/1.1" 302 602 "-" "Mozilla/5.0 (X11; Linux x86_64) AppleWebKit/537.36 (KHTML, like Gecko) Chrome/87.0.4280.88 Safari/537.36"
::1 - - [29/Dec/2020:22:47:45 +0200] "GET /api HTTP/1.1" 200 310 "-" "Mozilla/5.0 (X11; Linux x86_64) AppleWebKit/537.36 (KHTML, like Gecko) Chrome/87.0.4280.88 Safari/537.36"
::1 - - [29/Dec/2020:22:48:37 +0200] "-" 408 0 "-" "-"
::1 - - [29/Dec/2020:22:52:30 +0200] "GET /api HTTP/1.1" 200 313 "-" "Mozilla/5.0 (X11; Linux x86_64) AppleWebKit/537.36 (KHTML, like Gecko) Chrome/87.0.4280.88 Safari/537.36"
::1 - - [29/Dec/2020:22:52:30 +0200] "GET /favicon.ico HTTP/1.1" 200 295 "http://localhost/api" "Mozilla/5.0 (X11; Linux x86_64) AppleWebKit/537.36 (KHTML, like Gecko) Chrome/87.0.4280.88 Safari/537.36"
::1 - - [29/Dec/2020:22:52:41 +0200] "GET /api HTTP/1.1" 200 313 "-" "Mozilla/5.0 (X11; Linux x86_64) AppleWebKit/537.36 (KHTML, like Gecko) Chrome/87.0.4280.88 Safari/537.36"
::1 - - [29/Dec/2020:22:52:41 +0200] "GET /favicon.ico HTTP/1.1" 200 295 "http://localhost/api" "Mozilla/5.0 (X11; Linux x86_64) AppleWebKit/537.36 (KHTML, like Gecko) Chrome/87.0.4280.88 Safari/537.36"
::1 - - [29/Dec/2020:22:52:46 +0200] "GET /api HTTP/1.1" 200 313 "-" "Mozilla/5.0 (X11; Linux x86_64) AppleWebKit/537.36 (KHTML, like Gecko) Chrome/87.0.4280.88 Safari/537.36"
::1 - - [29/Dec/2020:22:52:46 +0200] "GET /favicon.ico HTTP/1.1" 200 295 "http://localhost/api" "Mozilla/5.0 (X11; Linux x86_64) AppleWebKit/537.36 (KHTML, like Gecko) Chrome/87.0.4280.88 Safari/537.36"
::1 - - [29/Dec/2020:22:53:32 +0200] "GET /api HTTP/1.1" 200 313 "-" "Mozilla/5.0 (X11; Linux x86_64) AppleWebKit/537.36 (KHTML, like Gecko) Chrome/87.0.4280.88 Safari/537.36"
::1 - - [29/Dec/2020:22:53:32 +0200] "GET /favicon.ico HTTP/1.1" 200 295 "http://localhost/api" "Mozilla/5.0 (X11; Linux x86_64) AppleWebKit/537.36 (KHTML, like Gecko) Chrome/87.0.4280.88 Safari/537.36"
::1 - - [29/Dec/2020:22:53:37 +0200] "GET /api HTTP/1.1" 200 313 "-" "Mozilla/5.0 (X11; Linux x86_64) AppleWebKit/537.36 (KHTML, like Gecko) Chrome/87.0.4280.88 Safari/537.36"
::1 - - [29/Dec/2020:22:53:38 +0200] "GET /favicon.ico HTTP/1.1" 200 295 "http://localhost/api" "Mozilla/5.0 (X11; Linux x86_64) AppleWebKit/537.36 (KHTML, like Gecko) Chrome/87.0.4280.88 Safari/537.36"
::1 - - [29/Dec/2020:22:53:50 +0200] "GET /api HTTP/1.1" 200 313 "-" "Mozilla/5.0 (X11; Linux x86_64) AppleWebKit/537.36 (KHTML, like Gecko) Chrome/87.0.4280.88 Safari/537.36"
::1 - - [29/Dec/2020:22:53:50 +0200] "GET /favicon.ico HTTP/1.1" 200 295 "http://localhost/api" "Mozilla/5.0 (X11; Linux x86_64) AppleWebKit/537.36 (KHTML, like Gecko) Chrome/87.0.4280.88 Safari/537.36"
::1 - - [29/Dec/2020:22:54:42 +0200] "-" 408 0 "-" "-"
